The system is: Windows - 10.0.22000 - AMD64
Compilation of the C compiler identification source "CMakeCCompilerId.c" produced "CMakeCCompilerId.exe"

Compilation of the C compiler identification source "CMakeCCompilerId.c" produced "CMakeCCompilerId.obj"

The C compiler identification is MSVC, found in "D:/hdr_tree/hdr_tree_0/hdr_tree_0/out/build/x64-debug/CMakeFiles/3.22.22040401-MSVC_2/CompilerIdC/CMakeCCompilerId.exe"

Compiling the CXX compiler identification source file "CMakeCXXCompilerId.cpp" succeeded.
Compiler: D:/visual_studio_2022/visual_studio_2022_ide/VC/Tools/MSVC/14.32.31326/bin/Hostx64/x64/cl.exe 
Build flags: 
Id flags:  

The output was:
0
用于 x64 的 Microsoft (R) C/C++ 优化编译器 19.32.31329 版
版权所有(C) Microsoft Corporation。保留所有权利。

CMakeCXXCompilerId.cpp
Microsoft (R) Incremental Linker Version 14.32.31329.0
Copyright (C) Microsoft Corporation.  All rights reserved.

/out:CMakeCXXCompilerId.exe 
CMakeCXXCompilerId.obj 


Compilation of the CXX compiler identification source "CMakeCXXCompilerId.cpp" produced "CMakeCXXCompilerId.exe"

Compilation of the CXX compiler identification source "CMakeCXXCompilerId.cpp" produced "CMakeCXXCompilerId.obj"

The CXX compiler identification is MSVC, found in "D:/hdr_tree/hdr_tree_0/hdr_tree_0/out/build/x64-debug/CMakeFiles/3.22.22040401-MSVC_2/CompilerIdCXX/CMakeCXXCompilerId.exe"

Detecting C compiler ABI info compiled with the following output:
Change Dir: D:/hdr_tree/hdr_tree_0/hdr_tree_0/out/build/x64-debug/CMakeFiles/CMakeTmp

Run Build Command(s):D:\VISUAL_STUDIO_2022\VISUAL_STUDIO_2022_IDE\COMMON7\IDE\COMMONEXTENSIONS\Microsoft\CMake\Ninja\ninja.exe cmTC_95c87 && [1/2] Building C object CMakeFiles\cmTC_95c87.dir\CMakeCCompilerABI.c.obj
[2/2] Linking C executable cmTC_95c87.exe



Detecting CXX compiler ABI info compiled with the following output:
Change Dir: D:/hdr_tree/hdr_tree_0/hdr_tree_0/out/build/x64-debug/CMakeFiles/CMakeTmp

Run Build Command(s):D:\VISUAL_STUDIO_2022\VISUAL_STUDIO_2022_IDE\COMMON7\IDE\COMMONEXTENSIONS\Microsoft\CMake\Ninja\ninja.exe cmTC_11a40 && [1/2] Building CXX object CMakeFiles\cmTC_11a40.dir\CMakeCXXCompilerABI.cpp.obj
[2/2] Linking CXX executable cmTC_11a40.exe



